Flutter crash report.
Please report a bug at https://github.com/flutter/flutter/issues.

## command

flutter analyze

## exception

PathNotFoundException: PathNotFoundException: Directory listing failed, path = 'C:\Users\HP\flutter\examples\*' (OS Error: The system cannot find the path specified, errno = 3)

```
#0      _Directory._fillWithDirectoryListing (dart:io-patch/directory_patch.dart:49:4)
#1      _Directory.listSync (dart:io/directory_impl.dart:273:5)
#2      ForwardingDirectory.listSync (package:file/src/forwarding/forwarding_directory.dart:43:12)
#3      ForwardingDirectory.listSync (package:file/src/forwarding/forwarding_directory.dart:43:12)
#4      FlutterCommandRunner._gatherProjectPaths (package:flutter_tools/src/runner/flutter_command_runner.dart:516:10)
#5      FlutterCommandRunner.getRepoPackages.<anonymous closure> (package:flutter_tools/src/runner/flutter_command_runner.dart:504:42)
#6      ExpandIterator.moveNext (dart:_internal/iterable.dart:510:31)
#7      MappedIterator.moveNext (dart:_internal/iterable.dart:419:19)
#8      new _GrowableList._ofOther (dart:core-patch/growable_array.dart:207:26)
#9      new _GrowableList.of (dart:core-patch/growable_array.dart:156:26)
#10     new List.of (dart:core-patch/array_patch.dart:39:18)
#11     Iterable.toList (dart:core/iterable.dart:517:7)
#12     FlutterCommandRunner.getRepoPackages (package:flutter_tools/src/runner/flutter_command_runner.dart:506:10)
#13     AnalyzeCommand.runCommand (package:flutter_tools/src/commands/analyze.dart:383:17)
#14     FlutterCommand.verifyThenRunCommand (package:flutter_tools/src/runner/flutter_command.dart:1885:12)
<asynchronous suspension>
#15     FlutterCommand.run.<anonymous closure> (package:flutter_tools/src/runner/flutter_command.dart:1559:27)
<asynchronous suspension>
#16     AppContext.run.<anonymous closure> (package:flutter_tools/src/base/context.dart:154:19)
<asynchronous suspension>
#17     CommandRunner.runCommand (package:args/command_runner.dart:212:13)
<asynchronous suspension>
#18     FlutterCommandRunner.runCommand.<anonymous closure> (package:flutter_tools/src/runner/flutter_command_runner.dart:487:9)
<asynchronous suspension>
#19     AppContext.run.<anonymous closure> (package:flutter_tools/src/base/context.dart:154:19)
<asynchronous suspension>
#20     FlutterCommandRunner.runCommand (package:flutter_tools/src/runner/flutter_command_runner.dart:422:5)
<asynchronous suspension>
#21     run.<anonymous closure>.<anonymous closure> (package:flutter_tools/runner.dart:104:11)
<asynchronous suspension>
#22     AppContext.run.<anonymous closure> (package:flutter_tools/src/base/context.dart:154:19)
<asynchronous suspension>
#23     main (package:flutter_tools/executable.dart:103:3)
<asynchronous suspension>
```

## flutter doctor

```
[32m[✓][39m Flutter (Channel stable, 3.38.7, on Microsoft Windows [Version 10.0.19045.6937], locale en-IN) [890ms]
    [32m•[39m Flutter version 3.38.7 on channel stable at C:\Users\HP\flutter
    [32m•[39m Upstream repository https://github.com/flutter/flutter.git
    [32m•[39m Framework revision 3b62efc2a3 (7 hours ago), 2026-01-13 13:47:42 -0800
    [32m•[39m Engine revision 78fc3012e4
    [32m•[39m Dart version 3.10.7
    [32m•[39m DevTools version 2.51.1
    [32m•[39m Feature flags: enable-web, enable-linux-desktop, enable-macos-desktop, enable-windows-desktop, enable-android, enable-ios, cli-animations,
      enable-native-assets, omit-legacy-version-file, enable-lldb-debugging

[32m[✓][39m Windows Version (10 Pro 64-bit, 22H2, 2009) [8.6s]

[33m[!][39m Android toolchain - develop for Android devices (Android SDK version 36.1.0) [3.0s]
    [32m•[39m Android SDK at C:\Users\HP\AppData\Local\Android\sdk
    [32m•[39m Emulator version 36.2.12.0 (build_id 14214601) (CL:N/A)
    [31m✗[39m cmdline-tools component is missing.
      Try installing or updating Android Studio.
      Alternatively, download the tools from https://developer.android.com/studio#command-line-tools-only and make sure to set the ANDROID_HOME environment
      variable.
      See https://developer.android.com/studio/command-line for more details.
    [31m✗[39m Android license status unknown.
      Run `flutter doctor --android-licenses` to accept the SDK licenses.
      See https://flutter.dev/to/windows-android-setup for more details.

[32m[✓][39m Chrome - develop for the web [33ms]
    [32m•[39m Chrome at C:\Program Files\Google\Chrome\Application\chrome.exe

[31m[✗][39m Visual Studio - develop Windows apps [27ms]
    [31m✗[39m Visual Studio not installed; this is necessary to develop Windows apps.
      Download at https://visualstudio.microsoft.com/downloads/.
      Please install the "Desktop development with C++" workload, including all of its default components

[32m[✓][39m Connected device (3 available) [2.0s]
    [32m•[39m Windows (desktop) • windows • windows-x64    • Microsoft Windows [Version 10.0.19045.6937]
    [32m•[39m Chrome (web)      • chrome  • web-javascript • Google Chrome 144.0.7559.133
    [32m•[39m Edge (web)        • edge    • web-javascript • Microsoft Edge 144.0.3719.115

[32m[✓][39m Network resources [1,757ms]
    [32m•[39m All expected network resources are available.

[33m![39m Doctor found issues in 2 categories.
```
